[WARN ] 2019-12-04 22:55:20.619 [main]  - Exception Message: Server returned HTTP response code: 401 for URL: https://api.petfinder.com/v2/animals?location=38.953524,-77.350450&radius=20
[WARN ] 2019-12-04 22:55:20.621 [main]  - Stack Trace: 
java.io.IOException: Server returned HTTP response code: 401 for URL: https://api.petfinder.com/v2/animals?location=38.953524,-77.350450&radius=20
	at sun.net.www.protocol.http.HttpURLConnection.getInputStream0(Unknown Source) ~[?:1.8.0_231]
	at sun.net.www.protocol.http.HttpURLConnection.getInputStream(Unknown Source) ~[?:1.8.0_231]
	at sun.net.www.protocol.https.HttpsURLConnectionImpl.getInputStream(Unknown Source) ~[?:1.8.0_231]
	at petfinder.PetFinderConnectionUtil.requestAnimalsByLocation(PetFinderConnectionUtil.java:124) [classes/:?]
	at driver.MainDriver.testPetFinder(MainDriver.java:23) [classes/:?]
	at driver.MainDriver.main(MainDriver.java:16) [classes/:?]
[ERROR] 2019-12-07 15:25:20.943 [main]  - Unable to locate Properties at src/main/resources/application.properties
[ERROR] 2019-12-07 15:25:20.943 [main]  - Stack Trace: 
java.lang.NullPointerException: inStream parameter is null
	at java.base/java.util.Objects.requireNonNull(Objects.java:246) ~[?:?]
	at java.base/java.util.Properties.load(Properties.java:403) ~[?:?]
	at petfinder.PetFinderConnectionUtil.getProperties(PetFinderConnectionUtil.java:59) [classes/:?]
	at petfinder.PetFinderConnectionUtil.<clinit>(PetFinderConnectionUtil.java:35) [classes/:?]
	at driver.MainDriver.<clinit>(MainDriver.java:13) [classes/:?]
[ERROR] 2019-12-07 15:25:36.880 [main]  - Unable to locate Properties at src/main/resources/application.properties
[ERROR] 2019-12-07 15:25:36.880 [main]  - Stack Trace: 
java.lang.NullPointerException: inStream parameter is null
	at java.base/java.util.Objects.requireNonNull(Objects.java:246) ~[?:?]
	at java.base/java.util.Properties.load(Properties.java:403) ~[?:?]
	at petfinder.PetFinderConnectionUtil.getProperties(PetFinderConnectionUtil.java:59) [classes/:?]
	at petfinder.PetFinderConnectionUtil.<clinit>(PetFinderConnectionUtil.java:35) [classes/:?]
	at driver.MainDriver.<clinit>(MainDriver.java:13) [classes/:?]
[ERROR] 2019-12-07 15:26:18.231 [main]  - Unable to locate Properties at src/main/resources/application.properties
[ERROR] 2019-12-07 15:26:18.231 [main]  - Stack Trace: 
java.lang.NullPointerException: inStream parameter is null
	at java.base/java.util.Objects.requireNonNull(Objects.java:246) ~[?:?]
	at java.base/java.util.Properties.load(Properties.java:403) ~[?:?]
	at petfinder.PetFinderConnectionUtil.getProperties(PetFinderConnectionUtil.java:59) [classes/:?]
	at petfinder.PetFinderConnectionUtil.<clinit>(PetFinderConnectionUtil.java:35) [classes/:?]
	at driver.MainDriver.<clinit>(MainDriver.java:13) [classes/:?]
